<?xml version="1.0" encoding="UTF-8"?>
<!-- Generated by org.testng.reporters.JUnitXMLReporter -->
<testsuite ignored="0" hostname="DESKTOP-52GUJ27" failures="1" tests="4" name="Test" time="0.155" errors="0" timestamp="2022-06-24T18:40:26 IST">
  <testcase classname="testNGListener.Test2" name="class1" time="0.019"/>
  <testcase classname="testNGListener.Test2" name="class2" time="0.011"/>
  <testcase classname="testNGListener.Test1" name="Test" time="0.008">
    <failure type="java.lang.AssertionError" message="null">
      <![CDATA[java.lang.AssertionError: null
at testNGListener.Test1.Test(Test1.java:12)
at java.base/java.util.ArrayList.forEach(ArrayList.java:1541)
... Removed 29 stack frames]]>
    </failure>
  </testcase> <!-- Test -->
  <testcase classname="testNGListener.Test1" name="test2" time="0.005"/>
</testsuite> <!-- Test -->
